[03:52:25] [main/INFO]: Environment: authHost='https://authserver.mojang.com', accountsHost='https://api.mojang.com', sessionHost='https://sessionserver.mojang.com', servicesHost='https://api.minecraftservices.com', name='PROD'
[03:52:25] [main/INFO]: Found new data pack file/bukkit, loading it automatically
[03:52:25] [main/INFO]: Reloading ResourceManager: Default, bukkit
[03:52:26] [Worker-Main-1/INFO]: Loaded 7 recipes
[03:52:27] [Server thread/INFO]: Starting minecraft server version 1.16.5
[03:52:27] [Server thread/INFO]: Loading properties
[03:52:27] [Server thread/INFO]: This server is running Paper version git-Paper-794 (MC: 1.16.5) (Implementing API version 1.16.5-R0.1-SNAPSHOT)
[03:52:27] [Server thread/INFO]: Debug logging is disabled
[03:52:27] [Server thread/INFO]: Using 4 threads for Netty based IO
[03:52:27] [Server thread/INFO]: Server Ping Player Sample Count: 12
[03:52:27] [Server thread/INFO]: Default game type: SURVIVAL
[03:52:27] [Server thread/INFO]: Generating keypair
[03:52:27] [Server thread/INFO]: Starting Minecraft server on *:25565
[03:52:27] [Server thread/INFO]: Using epoll channel type
[03:52:28] [Server thread/INFO]: [WorldEdit] Loading WorldEdit v7.2.5+57d5ac9
[03:52:28] [Server thread/INFO]: Got request to register class com.sk89q.worldedit.bukkit.BukkitServerInterface with WorldEdit [com.sk89q.worldedit.extension.platform.PlatformManager@201993bd]
[03:52:28] [Server thread/INFO]: [Permadeath] Loading Permadeath v1.3
[03:52:28] [Server thread/INFO]: Server permissions file permissions.yml is empty, ignoring it
[03:52:28] [Server thread/INFO]: [WorldEdit] Enabling WorldEdit v7.2.5+57d5ac9
[03:52:28] [Server thread/INFO]: WEPIF: Updated config file
[03:52:28] [Server thread/INFO]: WEPIF: Using the Bukkit Permissions API.
[03:52:28] [Server thread/INFO]: Using com.sk89q.worldedit.bukkit.adapter.impl.Spigot_v1_16_R3 as the Bukkit adapter
[03:52:28] [Server thread/INFO]: [WorldEdit] Default configuration file written: config.yml
[03:52:29] [Server thread/INFO]: [Permadeath] Enabling Permadeath v1.3
[03:52:29] [Server thread/WARN]: **** SERVER IS RUNNING IN OFFLINE/INSECURE MODE!
[03:52:29] [Server thread/WARN]: The server will make no attempt to authenticate usernames. Beware.
[03:52:29] [Server thread/WARN]: While this makes the game possible to play without internet access, it also opens up the ability for hackers to connect with any username they choose.
[03:52:29] [Server thread/WARN]: To change this, set "online-mode" to "true" in the server.properties file.
[03:52:29] [Server thread/INFO]: Preparing level "world"
[03:52:29] [Server thread/INFO]: Registering commands with com.sk89q.worldedit.bukkit.BukkitServerInterface
[03:52:32] [Server thread/WARN]: Unable to find spawn biome
[03:52:33] [Server thread/WARN]: Unable to find spawn biome
[03:52:34] [Server thread/INFO]: Preparing start region for dimension minecraft:overworld
[03:52:34] [Worker-Main-2/INFO]: Preparing spawn area: 0%
[03:52:34] [Worker-Main-1/INFO]: Preparing spawn area: 0%
[03:52:34] [Server thread/INFO]: Time elapsed: 557 ms
[03:52:34] [Server thread/INFO]: Preparing start region for dimension minecraft:the_nether
[03:52:35] [Worker-Main-1/INFO]: Preparing spawn area: 0%
[03:52:35] [Server thread/INFO]: Time elapsed: 295 ms
[03:52:35] [Server thread/INFO]: Preparing start region for dimension minecraft:the_end
[03:52:35] [Worker-Main-1/INFO]: Preparing spawn area: 0%
[03:52:35] [Server thread/INFO]: Time elapsed: 604 ms
[03:52:35] [Server thread/INFO]: Running delayed init tasks
[03:52:35] [Server thread/INFO]: Permadeath ➤ No se ha encontrado una librería JDA, deberás instalar una en caso de querer utilizar un bot de Discord.
[03:52:35] [Server thread/INFO]: Descarga aquí: https://www.spigotmc.org/resources/permadeath-%E2%98%A0%EF%B8%8F.112343/
[03:52:35] [Server thread/INFO]: Si no puedes descargarlo allí, únete a este Discord y te daremos acceso al enlace: https://discord.gg/8evPbuxPke
[03:52:35] [Server thread/INFO]: ------------------------------------------
[03:52:35] [Server thread/INFO]:              PERMADEATH
[03:52:35] [Server thread/INFO]:      - Versión: 1.3
[03:52:35] [Server thread/INFO]:      - Versión del Servidor: v1.16
[03:52:35] [Server thread/INFO]: ------------------------------------------
[03:52:35] [Server thread/INFO]:  >> INFORME DE ESTADO
[03:52:35] [Server thread/INFO]: > Estado de mundos: Overworld: world End: world_the_end
[03:52:35] [Server thread/INFO]:     > End: world_the_end
[03:52:35] [Server thread/INFO]:     > Overworld: world
[03:52:35] [Server thread/INFO]: > Estado de Compatibilidad: Compatible
[03:52:35] [Server thread/INFO]: > Software: PaperMC (Compatible)
[03:52:35] [Server thread/INFO]: > Cambios:
[03:52:35] [Server thread/INFO]: >   Días disponibles: 1-60
[03:52:35] [Server thread/INFO]: Done (8.716s)! For help, type "help"
[03:52:35] [Server thread/WARN]: [io.papermc.paper.util.PaperJvmChecker] ************************************************************
[03:52:35] [Server thread/WARN]: [io.papermc.paper.util.PaperJvmChecker] * WARNING - YOU ARE RUNNING AN OUTDATED VERSION OF JAVA.
[03:52:35] [Server thread/WARN]: [io.papermc.paper.util.PaperJvmChecker] * PAPER WILL STOP BEING COMPATIBLE WITH THIS VERSION OF
[03:52:35] [Server thread/WARN]: [io.papermc.paper.util.PaperJvmChecker] * JAVA WHEN MINECRAFT 1.17 IS RELEASED.
[03:52:35] [Server thread/WARN]: [io.papermc.paper.util.PaperJvmChecker] *
[03:52:35] [Server thread/WARN]: [io.papermc.paper.util.PaperJvmChecker] * Please update the version of Java you use to run Paper
[03:52:35] [Server thread/WARN]: [io.papermc.paper.util.PaperJvmChecker] * to at least Java 16. When Paper for Minecraft 1.17 is
[03:52:35] [Server thread/WARN]: [io.papermc.paper.util.PaperJvmChecker] * released support for versions of Java before 16 will
[03:52:35] [Server thread/WARN]: [io.papermc.paper.util.PaperJvmChecker] * be dropped.
[03:52:35] [Server thread/WARN]: [io.papermc.paper.util.PaperJvmChecker] *
[03:52:35] [Server thread/WARN]: [io.papermc.paper.util.PaperJvmChecker] * Current Java version: 11.0.27
[03:52:35] [Server thread/WARN]: [io.papermc.paper.util.PaperJvmChecker] *
[03:52:35] [Server thread/WARN]: [io.papermc.paper.util.PaperJvmChecker] * Check this forum post for more information: 
[03:52:35] [Server thread/WARN]: [io.papermc.paper.util.PaperJvmChecker] *   https://papermc.io/java16
[03:52:35] [Server thread/WARN]: [io.papermc.paper.util.PaperJvmChecker] ************************************************************
[03:52:35] [Server thread/INFO]: Timings Reset
[03:52:36] [Craft Scheduler Thread - 3/INFO]: Permadeath ➤ Versión del plugin: Versión más reciente instalada.
[03:56:11] [User Authenticator #1/INFO]: UUID of player RompOrTos is c5551972-6eb1-3fa6-b9af-c905864589e9
[03:56:11] [Server thread/INFO]: RompOrTos se ha unido al servidor.
[03:56:11] [Server thread/INFO]: RompOrTos[/127.243.141.73:49515] logged in with entity id 601 at ([world]216.5, 63.0, -107.5)
[03:56:57] [Server thread/INFO]: RompOrTos lost connection: Disconnected
[03:56:57] [Server thread/INFO]: RompOrTos ha abandonado el servidor.
[03:57:08] [Server thread/INFO]: Stopping the server
[03:57:08] [Server thread/INFO]: Stopping server
[03:57:08] [Server thread/INFO]: [Permadeath] Disabling Permadeath v1.3
[03:57:08] [Server thread/INFO]: ------------------------------------------
[03:57:08] [Server thread/INFO]:              PERMADEATH
[03:57:08] [Server thread/INFO]:      - Desactivando el Plugin.
[03:57:08] [Server thread/INFO]: ------------------------------------------
[03:57:08] [Server thread/INFO]: [WorldEdit] Disabling WorldEdit v7.2.5+57d5ac9
[03:57:08] [Server thread/INFO]: Unregistering com.sk89q.worldedit.bukkit.BukkitServerInterface from WorldEdit
[03:57:08] [Server thread/INFO]: Saving players
[03:57:08] [Server thread/INFO]: Saving worlds
[03:57:08] [Server thread/INFO]: Saving chunks for level 'ServerLevel[world]'/minecraft:overworld
[03:57:09] [Server thread/INFO]: ThreadedAnvilChunkStorage (world): All chunks are saved
[03:57:09] [Server thread/INFO]: Saving chunks for level 'ServerLevel[world_nether]'/minecraft:the_nether
[03:57:09] [Server thread/INFO]: ThreadedAnvilChunkStorage (DIM-1): All chunks are saved
[03:57:09] [Server thread/INFO]: Saving chunks for level 'ServerLevel[world_the_end]'/minecraft:the_end
[03:57:09] [Server thread/INFO]: ThreadedAnvilChunkStorage (DIM1): All chunks are saved
[03:57:09] [Server thread/INFO]: ThreadedAnvilChunkStorage (world): All chunks are saved
[03:57:09] [Server thread/INFO]: ThreadedAnvilChunkStorage (DIM-1): All chunks are saved
[03:57:09] [Server thread/INFO]: ThreadedAnvilChunkStorage (DIM1): All chunks are saved
[03:57:10] [Server thread/INFO]: Flushing Chunk IO
[03:57:10] [Server thread/INFO]: Closing Thread Pool
[03:57:10] [Server thread/INFO]: Closing Server
